PayRocket/app/build/intermediates/manifest_merge_blame_file/debug/manifest-merger-blame-debug-report.txt
1<?xml version="1.0" encoding="utf-8"?>
2<manifest xmlns:android="http://schemas.android.com/apk/res/android"
3    package="com.erp.payrocket"
4    android:versionCode="1"
5    android:versionName="1.0" >
6
7    <uses-sdk
8        android:minSdkVersion="16"
8-->src/main/AndroidManifest.xml
9        android:targetSdkVersion="30" />
9-->src/main/AndroidManifest.xml
10
11    <application
11-->src/main/AndroidManifest.xml:5:5-28:19
12        android:allowBackup="true"
12-->src/main/AndroidManifest.xml:6:9-35
13        android:appComponentFactory="androidx.core.app.CoreComponentFactory"
13-->[androidx.core:core:1.3.1] AndroidManifest.xml:24:18-86
14        android:debuggable="true"
15        android:icon="@mipmap/logo"
15-->src/main/AndroidManifest.xml:7:9-36
16        android:label="@string/app_name"
16-->src/main/AndroidManifest.xml:8:9-41
17        android:roundIcon="@mipmap/logo_round"
17-->src/main/AndroidManifest.xml:9:9-47
18        android:supportsRtl="true"
18-->src/main/AndroidManifest.xml:10:9-35
19        android:testOnly="true"
20        android:theme="@style/Theme.EveryPay" >
20-->src/main/AndroidManifest.xml:11:9-46
21        <activity android:name="com.makeitfeature.everypay.feePay" />
21-->src/main/AndroidManifest.xml:12:9-79
21-->src/main/AndroidManifest.xml:12:19-67
22        <activity android:name="com.makeitfeature.everypay.Passbook" />
22-->src/main/AndroidManifest.xml:13:9-72
22-->src/main/AndroidManifest.xml:13:19-69
23        <activity android:name="com.makeitfeature.everypay.payementDone" />
23-->src/main/AndroidManifest.xml:14:9-76
23-->src/main/AndroidManifest.xml:14:19-73
24        <activity android:name="com.makeitfeature.everypay.PaymentScreen" />
24-->src/main/AndroidManifest.xml:15:9-77
24-->src/main/AndroidManifest.xml:15:19-74
25        <activity android:name="com.makeitfeature.everypay.forgot" />
25-->src/main/AndroidManifest.xml:16:9-70
25-->src/main/AndroidManifest.xml:16:19-67
26        <activity
26-->src/main/AndroidManifest.xml:17:9-20:65
27            android:name="com.makeitfeature.everypay.Home"
27-->src/main/AndroidManifest.xml:18:13-59
28            android:label="@string/title_activity_home"
28-->src/main/AndroidManifest.xml:19:13-56
29            android:theme="@style/Theme.EveryPay.NoActionBar" />
29-->src/main/AndroidManifest.xml:20:13-62
30        <activity android:name="com.makeitfeature.everypay.MainActivity" >
30-->src/main/AndroidManifest.xml:21:9-27:20
30-->src/main/AndroidManifest.xml:21:19-73
31            <intent-filter>
31-->src/main/AndroidManifest.xml:22:13-26:29
32                <action android:name="android.intent.action.MAIN" />
32-->src/main/AndroidManifest.xml:23:17-69
32-->src/main/AndroidManifest.xml:23:25-66
33
34                <category android:name="android.intent.category.LAUNCHER" />
34-->src/main/AndroidManifest.xml:25:17-77
34-->src/main/AndroidManifest.xml:25:27-74
35            </intent-filter>
36        </activity>
37    </application>
38
39</manifest>